0,RUNNING,process-name=P1,remaining-time=100
1,RUNNING,process-name=P2,remaining-time=100
2,RUNNING,process-name=P1,remaining-time=99
3,RUNNING,process-name=P2,remaining-time=99
4,RUNNING,process-name=P1,remaining-time=98
5,RUNNING,process-name=P2,remaining-time=98
6,RUNNING,process-name=P1,remaining-time=97
7,RUNNING,process-name=P2,remaining-time=97
8,RUNNING,process-name=P1,remaining-time=96
9,RUNNING,process-name=P2,remaining-time=96
10,RUNNING,process-name=P1,remaining-time=95
11,RUNNING,process-name=P2,remaining-time=95
12,RUNNING,process-name=P1,remaining-time=94
13,RUNNING,process-name=P2,remaining-time=94
14,RUNNING,process-name=P1,remaining-time=93
15,RUNNING,process-name=P2,remaining-time=93
16,RUNNING,process-name=P1,remaining-time=92
17,RUNNING,process-name=P2,remaining-time=92
18,RUNNING,process-name=P1,remaining-time=91
19,RUNNING,process-name=P2,remaining-time=91
20,RUNNING,process-name=P1,remaining-time=90
21,RUNNING,process-name=P2,remaining-time=90
22,RUNNING,process-name=P1,remaining-time=89
23,RUNNING,process-name=P2,remaining-time=89
24,RUNNING,process-name=P1,remaining-time=88
25,RUNNING,process-name=P2,remaining-time=88
26,RUNNING,process-name=P1,remaining-time=87
27,RUNNING,process-name=P2,remaining-time=87
28,RUNNING,process-name=P1,remaining-time=86
29,RUNNING,process-name=P2,remaining-time=86
30,RUNNING,process-name=P1,remaining-time=85
31,RUNNING,process-name=P2,remaining-time=85
32,RUNNING,process-name=P1,remaining-time=84
33,RUNNING,process-name=P2,remaining-time=84
34,RUNNING,process-name=P1,remaining-time=83
35,RUNNING,process-name=P2,remaining-time=83
36,RUNNING,process-name=P1,remaining-time=82
37,RUNNING,process-name=P2,remaining-time=82
38,RUNNING,process-name=P1,remaining-time=81
39,RUNNING,process-name=P2,remaining-time=81
40,RUNNING,process-name=P1,remaining-time=80
41,RUNNING,process-name=P2,remaining-time=80
42,RUNNING,process-name=P1,remaining-time=79
43,RUNNING,process-name=P2,remaining-time=79
44,RUNNING,process-name=P1,remaining-time=78
45,RUNNING,process-name=P2,remaining-time=78
46,RUNNING,process-name=P1,remaining-time=77
47,RUNNING,process-name=P2,remaining-time=77
48,RUNNING,process-name=P1,remaining-time=76
49,RUNNING,process-name=P2,remaining-time=76
50,RUNNING,process-name=P1,remaining-time=75
51,RUNNING,process-name=P2,remaining-time=75
52,RUNNING,process-name=P1,remaining-time=74
53,RUNNING,process-name=P2,remaining-time=74
54,RUNNING,process-name=P1,remaining-time=73
55,RUNNING,process-name=P2,remaining-time=73
56,RUNNING,process-name=P1,remaining-time=72
57,RUNNING,process-name=P2,remaining-time=72
58,RUNNING,process-name=P1,remaining-time=71
59,RUNNING,process-name=P2,remaining-time=71
60,RUNNING,process-name=P1,remaining-time=70
61,RUNNING,process-name=P2,remaining-time=70
62,RUNNING,process-name=P1,remaining-time=69
63,RUNNING,process-name=P2,remaining-time=69
64,RUNNING,process-name=P1,remaining-time=68
65,RUNNING,process-name=P2,remaining-time=68
66,RUNNING,process-name=P1,remaining-time=67
67,RUNNING,process-name=P2,remaining-time=67
68,RUNNING,process-name=P1,remaining-time=66
69,RUNNING,process-name=P2,remaining-time=66
70,RUNNING,process-name=P1,remaining-time=65
71,RUNNING,process-name=P2,remaining-time=65
72,RUNNING,process-name=P1,remaining-time=64
73,RUNNING,process-name=P2,remaining-time=64
74,RUNNING,process-name=P1,remaining-time=63
75,RUNNING,process-name=P2,remaining-time=63
76,RUNNING,process-name=P1,remaining-time=62
77,RUNNING,process-name=P2,remaining-time=62
78,RUNNING,process-name=P1,remaining-time=61
79,RUNNING,process-name=P2,remaining-time=61
80,RUNNING,process-name=P1,remaining-time=60
81,RUNNING,process-name=P2,remaining-time=60
82,RUNNING,process-name=P1,remaining-time=59
83,RUNNING,process-name=P2,remaining-time=59
84,RUNNING,process-name=P1,remaining-time=58
85,RUNNING,process-name=P2,remaining-time=58
86,RUNNING,process-name=P1,remaining-time=57
87,RUNNING,process-name=P2,remaining-time=57
88,RUNNING,process-name=P1,remaining-time=56
89,RUNNING,process-name=P2,remaining-time=56
90,RUNNING,process-name=P1,remaining-time=55
91,RUNNING,process-name=P2,remaining-time=55
92,RUNNING,process-name=P1,remaining-time=54
93,RUNNING,process-name=P2,remaining-time=54
94,RUNNING,process-name=P1,remaining-time=53
95,RUNNING,process-name=P2,remaining-time=53
96,RUNNING,process-name=P1,remaining-time=52
97,RUNNING,process-name=P2,remaining-time=52
98,RUNNING,process-name=P1,remaining-time=51
99,RUNNING,process-name=P2,remaining-time=51
100,RUNNING,process-name=P1,remaining-time=50
101,RUNNING,process-name=P2,remaining-time=50
102,RUNNING,process-name=P1,remaining-time=49
103,RUNNING,process-name=P2,remaining-time=49
104,RUNNING,process-name=P1,remaining-time=48
105,RUNNING,process-name=P2,remaining-time=48
106,RUNNING,process-name=P1,remaining-time=47
107,RUNNING,process-name=P2,remaining-time=47
108,RUNNING,process-name=P1,remaining-time=46
109,RUNNING,process-name=P2,remaining-time=46
110,RUNNING,process-name=P1,remaining-time=45
111,RUNNING,process-name=P2,remaining-time=45
112,RUNNING,process-name=P1,remaining-time=44
113,RUNNING,process-name=P2,remaining-time=44
114,RUNNING,process-name=P1,remaining-time=43
115,RUNNING,process-name=P2,remaining-time=43
116,RUNNING,process-name=P1,remaining-time=42
117,RUNNING,process-name=P2,remaining-time=42
118,RUNNING,process-name=P1,remaining-time=41
119,RUNNING,process-name=P2,remaining-time=41
120,RUNNING,process-name=P1,remaining-time=40
121,RUNNING,process-name=P2,remaining-time=40
122,RUNNING,process-name=P1,remaining-time=39
123,RUNNING,process-name=P2,remaining-time=39
124,RUNNING,process-name=P1,remaining-time=38
125,RUNNING,process-name=P2,remaining-time=38
126,RUNNING,process-name=P1,remaining-time=37
127,RUNNING,process-name=P2,remaining-time=37
128,RUNNING,process-name=P1,remaining-time=36
129,RUNNING,process-name=P2,remaining-time=36
130,RUNNING,process-name=P1,remaining-time=35
131,RUNNING,process-name=P2,remaining-time=35
132,RUNNING,process-name=P1,remaining-time=34
133,RUNNING,process-name=P2,remaining-time=34
134,RUNNING,process-name=P1,remaining-time=33
135,RUNNING,process-name=P2,remaining-time=33
136,RUNNING,process-name=P1,remaining-time=32
137,RUNNING,process-name=P2,remaining-time=32
138,RUNNING,process-name=P1,remaining-time=31
139,RUNNING,process-name=P2,remaining-time=31
140,RUNNING,process-name=P1,remaining-time=30
141,RUNNING,process-name=P2,remaining-time=30
142,RUNNING,process-name=P1,remaining-time=29
143,RUNNING,process-name=P2,remaining-time=29
144,RUNNING,process-name=P1,remaining-time=28
145,RUNNING,process-name=P2,remaining-time=28
146,RUNNING,process-name=P1,remaining-time=27
147,RUNNING,process-name=P2,remaining-time=27
148,RUNNING,process-name=P1,remaining-time=26
149,RUNNING,process-name=P2,remaining-time=26
150,RUNNING,process-name=P1,remaining-time=25
151,RUNNING,process-name=P2,remaining-time=25
152,RUNNING,process-name=P1,remaining-time=24
153,RUNNING,process-name=P2,remaining-time=24
154,RUNNING,process-name=P1,remaining-time=23
155,RUNNING,process-name=P2,remaining-time=23
156,RUNNING,process-name=P1,remaining-time=22
157,RUNNING,process-name=P2,remaining-time=22
158,RUNNING,process-name=P1,remaining-time=21
159,RUNNING,process-name=P2,remaining-time=21
160,RUNNING,process-name=P1,remaining-time=20
161,RUNNING,process-name=P2,remaining-time=20
162,RUNNING,process-name=P1,remaining-time=19
163,RUNNING,process-name=P2,remaining-time=19
164,RUNNING,process-name=P1,remaining-time=18
165,RUNNING,process-name=P2,remaining-time=18
166,RUNNING,process-name=P1,remaining-time=17
167,RUNNING,process-name=P2,remaining-time=17
168,RUNNING,process-name=P1,remaining-time=16
169,RUNNING,process-name=P2,remaining-time=16
170,RUNNING,process-name=P1,remaining-time=15
171,RUNNING,process-name=P2,remaining-time=15
172,RUNNING,process-name=P1,remaining-time=14
173,RUNNING,process-name=P2,remaining-time=14
174,RUNNING,process-name=P1,remaining-time=13
175,RUNNING,process-name=P2,remaining-time=13
176,RUNNING,process-name=P1,remaining-time=12
177,RUNNING,process-name=P2,remaining-time=12
178,RUNNING,process-name=P1,remaining-time=11
179,RUNNING,process-name=P2,remaining-time=11
180,RUNNING,process-name=P1,remaining-time=10
181,RUNNING,process-name=P2,remaining-time=10
182,RUNNING,process-name=P1,remaining-time=9
183,RUNNING,process-name=P2,remaining-time=9
184,RUNNING,process-name=P1,remaining-time=8
185,RUNNING,process-name=P2,remaining-time=8
186,RUNNING,process-name=P1,remaining-time=7
187,RUNNING,process-name=P2,remaining-time=7
188,RUNNING,process-name=P1,remaining-time=6
189,RUNNING,process-name=P2,remaining-time=6
190,RUNNING,process-name=P1,remaining-time=5
191,RUNNING,process-name=P2,remaining-time=5
192,RUNNING,process-name=P1,remaining-time=4
193,RUNNING,process-name=P2,remaining-time=4
194,RUNNING,process-name=P1,remaining-time=3
195,RUNNING,process-name=P2,remaining-time=3
196,RUNNING,process-name=P1,remaining-time=2
197,RUNNING,process-name=P2,remaining-time=2
198,RUNNING,process-name=P1,remaining-time=1
199,FINISHED,process-name=P1,proc-remaining=1
199,RUNNING,process-name=P2,remaining-time=1
200,FINISHED,process-name=P2,proc-remaining=0
Turnaround time 200
Time overhead 2.00 2.00
Makespan 200
