0,RUNNING,process-name=P1,remaining-time=100
3,RUNNING,process-name=P2,remaining-time=100
6,RUNNING,process-name=P1,remaining-time=97
9,RUNNING,process-name=P2,remaining-time=97
12,RUNNING,process-name=P1,remaining-time=94
15,RUNNING,process-name=P2,remaining-time=94
18,RUNNING,process-name=P1,remaining-time=91
21,RUNNING,process-name=P2,remaining-time=91
24,RUNNING,process-name=P1,remaining-time=88
27,RUNNING,process-name=P2,remaining-time=88
30,RUNNING,process-name=P1,remaining-time=85
33,RUNNING,process-name=P2,remaining-time=85
36,RUNNING,process-name=P1,remaining-time=82
39,RUNNING,process-name=P2,remaining-time=82
42,RUNNING,process-name=P1,remaining-time=79
45,RUNNING,process-name=P2,remaining-time=79
48,RUNNING,process-name=P1,remaining-time=76
51,RUNNING,process-name=P2,remaining-time=76
54,RUNNING,process-name=P1,remaining-time=73
57,RUNNING,process-name=P2,remaining-time=73
60,RUNNING,process-name=P1,remaining-time=70
63,RUNNING,process-name=P2,remaining-time=70
66,RUNNING,process-name=P1,remaining-time=67
69,RUNNING,process-name=P2,remaining-time=67
72,RUNNING,process-name=P1,remaining-time=64
75,RUNNING,process-name=P2,remaining-time=64
78,RUNNING,process-name=P1,remaining-time=61
81,RUNNING,process-name=P2,remaining-time=61
84,RUNNING,process-name=P1,remaining-time=58
87,RUNNING,process-name=P2,remaining-time=58
90,RUNNING,process-name=P1,remaining-time=55
93,RUNNING,process-name=P2,remaining-time=55
96,RUNNING,process-name=P1,remaining-time=52
99,RUNNING,process-name=P2,remaining-time=52
102,RUNNING,process-name=P1,remaining-time=49
105,RUNNING,process-name=P2,remaining-time=49
108,RUNNING,process-name=P1,remaining-time=46
111,RUNNING,process-name=P2,remaining-time=46
114,RUNNING,process-name=P1,remaining-time=43
117,RUNNING,process-name=P2,remaining-time=43
120,RUNNING,process-name=P1,remaining-time=40
123,RUNNING,process-name=P2,remaining-time=40
126,RUNNING,process-name=P1,remaining-time=37
129,RUNNING,process-name=P2,remaining-time=37
132,RUNNING,process-name=P1,remaining-time=34
135,RUNNING,process-name=P2,remaining-time=34
138,RUNNING,process-name=P1,remaining-time=31
141,RUNNING,process-name=P2,remaining-time=31
144,RUNNING,process-name=P1,remaining-time=28
147,RUNNING,process-name=P2,remaining-time=28
150,RUNNING,process-name=P1,remaining-time=25
153,RUNNING,process-name=P2,remaining-time=25
156,RUNNING,process-name=P1,remaining-time=22
159,RUNNING,process-name=P2,remaining-time=22
162,RUNNING,process-name=P1,remaining-time=19
165,RUNNING,process-name=P2,remaining-time=19
168,RUNNING,process-name=P1,remaining-time=16
171,RUNNING,process-name=P2,remaining-time=16
174,RUNNING,process-name=P1,remaining-time=13
177,RUNNING,process-name=P2,remaining-time=13
180,RUNNING,process-name=P1,remaining-time=10
183,RUNNING,process-name=P2,remaining-time=10
186,RUNNING,process-name=P1,remaining-time=7
189,RUNNING,process-name=P2,remaining-time=7
192,RUNNING,process-name=P1,remaining-time=4
195,RUNNING,process-name=P2,remaining-time=4
198,RUNNING,process-name=P1,remaining-time=1
201,FINISHED,process-name=P1,proc-remaining=1
201,RUNNING,process-name=P2,remaining-time=1
204,FINISHED,process-name=P2,proc-remaining=0
Turnaround time 203
Time overhead 2.04 2.03
Makespan 204
