0,RUNNING,process-name=A,remaining-time=100,mem-usage=98%,allocated-at=0
3,RUNNING,process-name=A,remaining-time=97,mem-usage=98%,allocated-at=0
6,RUNNING,process-name=A,remaining-time=94,mem-usage=98%,allocated-at=0
9,RUNNING,process-name=A,remaining-time=91,mem-usage=98%,allocated-at=0
12,RUNNING,process-name=A,remaining-time=88,mem-usage=98%,allocated-at=0
15,RUNNING,process-name=A,remaining-time=85,mem-usage=98%,allocated-at=0
18,RUNNING,process-name=A,remaining-time=82,mem-usage=98%,allocated-at=0
21,RUNNING,process-name=A,remaining-time=79,mem-usage=98%,allocated-at=0
24,RUNNING,process-name=A,remaining-time=76,mem-usage=98%,allocated-at=0
27,RUNNING,process-name=A,remaining-time=73,mem-usage=98%,allocated-at=0
30,RUNNING,process-name=A,remaining-time=70,mem-usage=98%,allocated-at=0
33,RUNNING,process-name=A,remaining-time=67,mem-usage=98%,allocated-at=0
36,RUNNING,process-name=A,remaining-time=64,mem-usage=98%,allocated-at=0
39,RUNNING,process-name=A,remaining-time=61,mem-usage=98%,allocated-at=0
42,RUNNING,process-name=A,remaining-time=58,mem-usage=98%,allocated-at=0
45,RUNNING,process-name=A,remaining-time=55,mem-usage=98%,allocated-at=0
48,RUNNING,process-name=A,remaining-time=52,mem-usage=98%,allocated-at=0
51,RUNNING,process-name=A,remaining-time=49,mem-usage=98%,allocated-at=0
54,RUNNING,process-name=A,remaining-time=46,mem-usage=98%,allocated-at=0
57,RUNNING,process-name=A,remaining-time=43,mem-usage=98%,allocated-at=0
60,RUNNING,process-name=A,remaining-time=40,mem-usage=98%,allocated-at=0
63,RUNNING,process-name=A,remaining-time=37,mem-usage=98%,allocated-at=0
66,RUNNING,process-name=A,remaining-time=34,mem-usage=98%,allocated-at=0
69,RUNNING,process-name=A,remaining-time=31,mem-usage=98%,allocated-at=0
72,RUNNING,process-name=A,remaining-time=28,mem-usage=98%,allocated-at=0
75,RUNNING,process-name=A,remaining-time=25,mem-usage=98%,allocated-at=0
78,RUNNING,process-name=A,remaining-time=22,mem-usage=98%,allocated-at=0
81,RUNNING,process-name=A,remaining-time=19,mem-usage=98%,allocated-at=0
84,RUNNING,process-name=A,remaining-time=16,mem-usage=98%,allocated-at=0
87,RUNNING,process-name=A,remaining-time=13,mem-usage=98%,allocated-at=0
90,RUNNING,process-name=A,remaining-time=10,mem-usage=98%,allocated-at=0
93,RUNNING,process-name=A,remaining-time=7,mem-usage=98%,allocated-at=0
96,RUNNING,process-name=A,remaining-time=4,mem-usage=98%,allocated-at=0
99,RUNNING,process-name=A,remaining-time=1,mem-usage=98%,allocated-at=0
102,FINISHED,process-name=A,proc-remaining=1
102,RUNNING,process-name=B,remaining-time=100,mem-usage=98%,allocated-at=0
204,FINISHED,process-name=B,proc-remaining=0
Turnaround time 153
Time overhead 2.04 1.53
Makespan 204
