0,RUNNING,process-name=P0,remaining-time=100,mem-usage=50%,allocated-at=0
30,RUNNING,process-name=P1,remaining-time=100,mem-usage=75%,allocated-at=1024
33,RUNNING,process-name=P0,remaining-time=70,mem-usage=75%,allocated-at=0
36,RUNNING,process-name=P1,remaining-time=97,mem-usage=75%,allocated-at=1024
39,RUNNING,process-name=P0,remaining-time=67,mem-usage=75%,allocated-at=0
42,RUNNING,process-name=P1,remaining-time=94,mem-usage=75%,allocated-at=1024
45,RUNNING,process-name=P0,remaining-time=64,mem-usage=75%,allocated-at=0
48,RUNNING,process-name=P1,remaining-time=91,mem-usage=75%,allocated-at=1024
51,RUNNING,process-name=P0,remaining-time=61,mem-usage=75%,allocated-at=0
54,RUNNING,process-name=P1,remaining-time=88,mem-usage=75%,allocated-at=1024
57,RUNNING,process-name=P0,remaining-time=58,mem-usage=75%,allocated-at=0
60,RUNNING,process-name=P1,remaining-time=85,mem-usage=75%,allocated-at=1024
63,RUNNING,process-name=P2,remaining-time=50,mem-usage=100%,allocated-at=1536
66,RUNNING,process-name=P0,remaining-time=55,mem-usage=100%,allocated-at=0
69,RUNNING,process-name=P1,remaining-time=82,mem-usage=100%,allocated-at=1024
72,RUNNING,process-name=P2,remaining-time=47,mem-usage=100%,allocated-at=1536
75,RUNNING,process-name=P0,remaining-time=52,mem-usage=100%,allocated-at=0
78,RUNNING,process-name=P1,remaining-time=79,mem-usage=100%,allocated-at=1024
81,RUNNING,process-name=P2,remaining-time=44,mem-usage=100%,allocated-at=1536
84,RUNNING,process-name=P0,remaining-time=49,mem-usage=100%,allocated-at=0
87,RUNNING,process-name=P1,remaining-time=76,mem-usage=100%,allocated-at=1024
90,RUNNING,process-name=P2,remaining-time=41,mem-usage=100%,allocated-at=1536
93,RUNNING,process-name=P0,remaining-time=46,mem-usage=100%,allocated-at=0
96,RUNNING,process-name=P1,remaining-time=73,mem-usage=100%,allocated-at=1024
99,RUNNING,process-name=P2,remaining-time=38,mem-usage=100%,allocated-at=1536
102,RUNNING,process-name=P0,remaining-time=43,mem-usage=100%,allocated-at=0
105,RUNNING,process-name=P1,remaining-time=70,mem-usage=100%,allocated-at=1024
108,RUNNING,process-name=P2,remaining-time=35,mem-usage=100%,allocated-at=1536
111,RUNNING,process-name=P0,remaining-time=40,mem-usage=100%,allocated-at=0
114,RUNNING,process-name=P1,remaining-time=67,mem-usage=100%,allocated-at=1024
117,RUNNING,process-name=P2,remaining-time=32,mem-usage=100%,allocated-at=1536
120,RUNNING,process-name=P0,remaining-time=37,mem-usage=100%,allocated-at=0
123,RUNNING,process-name=P1,remaining-time=64,mem-usage=100%,allocated-at=1024
126,RUNNING,process-name=P2,remaining-time=29,mem-usage=100%,allocated-at=1536
129,RUNNING,process-name=P0,remaining-time=34,mem-usage=100%,allocated-at=0
132,RUNNING,process-name=P1,remaining-time=61,mem-usage=100%,allocated-at=1024
135,RUNNING,process-name=P2,remaining-time=26,mem-usage=100%,allocated-at=1536
138,RUNNING,process-name=P0,remaining-time=31,mem-usage=100%,allocated-at=0
141,RUNNING,process-name=P1,remaining-time=58,mem-usage=100%,allocated-at=1024
144,RUNNING,process-name=P2,remaining-time=23,mem-usage=100%,allocated-at=1536
147,RUNNING,process-name=P0,remaining-time=28,mem-usage=100%,allocated-at=0
150,RUNNING,process-name=P1,remaining-time=55,mem-usage=100%,allocated-at=1024
153,RUNNING,process-name=P2,remaining-time=20,mem-usage=100%,allocated-at=1536
156,RUNNING,process-name=P0,remaining-time=25,mem-usage=100%,allocated-at=0
159,RUNNING,process-name=P1,remaining-time=52,mem-usage=100%,allocated-at=1024
162,RUNNING,process-name=P2,remaining-time=17,mem-usage=100%,allocated-at=1536
165,RUNNING,process-name=P0,remaining-time=22,mem-usage=100%,allocated-at=0
168,RUNNING,process-name=P1,remaining-time=49,mem-usage=100%,allocated-at=1024
171,RUNNING,process-name=P2,remaining-time=14,mem-usage=100%,allocated-at=1536
174,RUNNING,process-name=P0,remaining-time=19,mem-usage=100%,allocated-at=0
177,RUNNING,process-name=P1,remaining-time=46,mem-usage=100%,allocated-at=1024
180,RUNNING,process-name=P2,remaining-time=11,mem-usage=100%,allocated-at=1536
183,RUNNING,process-name=P0,remaining-time=16,mem-usage=100%,allocated-at=0
186,RUNNING,process-name=P1,remaining-time=43,mem-usage=100%,allocated-at=1024
189,RUNNING,process-name=P2,remaining-time=8,mem-usage=100%,allocated-at=1536
192,RUNNING,process-name=P0,remaining-time=13,mem-usage=100%,allocated-at=0
195,RUNNING,process-name=P1,remaining-time=40,mem-usage=100%,allocated-at=1024
198,RUNNING,process-name=P2,remaining-time=5,mem-usage=100%,allocated-at=1536
201,RUNNING,process-name=P0,remaining-time=10,mem-usage=100%,allocated-at=0
204,RUNNING,process-name=P1,remaining-time=37,mem-usage=100%,allocated-at=1024
207,RUNNING,process-name=P2,remaining-time=2,mem-usage=100%,allocated-at=1536
210,FINISHED,process-name=P2,proc-remaining=3
210,RUNNING,process-name=P0,remaining-time=7,mem-usage=75%,allocated-at=0
213,RUNNING,process-name=P1,remaining-time=34,mem-usage=75%,allocated-at=1024
216,RUNNING,process-name=P4,remaining-time=30,mem-usage=88%,allocated-at=1536
219,RUNNING,process-name=P0,remaining-time=4,mem-usage=88%,allocated-at=0
222,RUNNING,process-name=P1,remaining-time=31,mem-usage=88%,allocated-at=1024
225,RUNNING,process-name=P4,remaining-time=27,mem-usage=88%,allocated-at=1536
228,RUNNING,process-name=P0,remaining-time=1,mem-usage=88%,allocated-at=0
231,FINISHED,process-name=P0,proc-remaining=2
231,RUNNING,process-name=P1,remaining-time=28,mem-usage=38%,allocated-at=1024
234,RUNNING,process-name=P4,remaining-time=24,mem-usage=38%,allocated-at=1536
237,RUNNING,process-name=P1,remaining-time=25,mem-usage=38%,allocated-at=1024
240,RUNNING,process-name=P4,remaining-time=21,mem-usage=38%,allocated-at=1536
243,RUNNING,process-name=P1,remaining-time=22,mem-usage=38%,allocated-at=1024
246,RUNNING,process-name=P4,remaining-time=18,mem-usage=38%,allocated-at=1536
249,RUNNING,process-name=P1,remaining-time=19,mem-usage=38%,allocated-at=1024
252,RUNNING,process-name=P4,remaining-time=15,mem-usage=38%,allocated-at=1536
255,RUNNING,process-name=P1,remaining-time=16,mem-usage=38%,allocated-at=1024
258,RUNNING,process-name=P4,remaining-time=12,mem-usage=38%,allocated-at=1536
261,RUNNING,process-name=P1,remaining-time=13,mem-usage=38%,allocated-at=1024
264,RUNNING,process-name=P4,remaining-time=9,mem-usage=38%,allocated-at=1536
267,RUNNING,process-name=P1,remaining-time=10,mem-usage=38%,allocated-at=1024
270,RUNNING,process-name=P4,remaining-time=6,mem-usage=38%,allocated-at=1536
273,RUNNING,process-name=P1,remaining-time=7,mem-usage=38%,allocated-at=1024
276,RUNNING,process-name=P4,remaining-time=3,mem-usage=38%,allocated-at=1536
279,FINISHED,process-name=P4,proc-remaining=1
279,RUNNING,process-name=P1,remaining-time=4,mem-usage=25%,allocated-at=1024
285,FINISHED,process-name=P1,proc-remaining=0
Turnaround time 204
Time overhead 5.97 3.46
Makespan 285
