0,RUNNING,process-name=P0,remaining-time=100,mem-usage=50%,allocated-at=0
30,RUNNING,process-name=P1,remaining-time=100,mem-usage=75%,allocated-at=1024
31,RUNNING,process-name=P0,remaining-time=70,mem-usage=75%,allocated-at=0
32,RUNNING,process-name=P1,remaining-time=99,mem-usage=75%,allocated-at=1024
33,RUNNING,process-name=P0,remaining-time=69,mem-usage=75%,allocated-at=0
34,RUNNING,process-name=P1,remaining-time=98,mem-usage=75%,allocated-at=1024
35,RUNNING,process-name=P0,remaining-time=68,mem-usage=75%,allocated-at=0
36,RUNNING,process-name=P1,remaining-time=97,mem-usage=75%,allocated-at=1024
37,RUNNING,process-name=P0,remaining-time=67,mem-usage=75%,allocated-at=0
38,RUNNING,process-name=P1,remaining-time=96,mem-usage=75%,allocated-at=1024
39,RUNNING,process-name=P0,remaining-time=66,mem-usage=75%,allocated-at=0
40,RUNNING,process-name=P1,remaining-time=95,mem-usage=75%,allocated-at=1024
41,RUNNING,process-name=P0,remaining-time=65,mem-usage=75%,allocated-at=0
42,RUNNING,process-name=P1,remaining-time=94,mem-usage=75%,allocated-at=1024
43,RUNNING,process-name=P0,remaining-time=64,mem-usage=75%,allocated-at=0
44,RUNNING,process-name=P1,remaining-time=93,mem-usage=75%,allocated-at=1024
45,RUNNING,process-name=P0,remaining-time=63,mem-usage=75%,allocated-at=0
46,RUNNING,process-name=P1,remaining-time=92,mem-usage=75%,allocated-at=1024
47,RUNNING,process-name=P0,remaining-time=62,mem-usage=75%,allocated-at=0
48,RUNNING,process-name=P1,remaining-time=91,mem-usage=75%,allocated-at=1024
49,RUNNING,process-name=P0,remaining-time=61,mem-usage=75%,allocated-at=0
50,RUNNING,process-name=P1,remaining-time=90,mem-usage=75%,allocated-at=1024
51,RUNNING,process-name=P0,remaining-time=60,mem-usage=75%,allocated-at=0
52,RUNNING,process-name=P1,remaining-time=89,mem-usage=75%,allocated-at=1024
53,RUNNING,process-name=P0,remaining-time=59,mem-usage=75%,allocated-at=0
54,RUNNING,process-name=P1,remaining-time=88,mem-usage=75%,allocated-at=1024
55,RUNNING,process-name=P0,remaining-time=58,mem-usage=75%,allocated-at=0
56,RUNNING,process-name=P1,remaining-time=87,mem-usage=75%,allocated-at=1024
57,RUNNING,process-name=P0,remaining-time=57,mem-usage=75%,allocated-at=0
58,RUNNING,process-name=P1,remaining-time=86,mem-usage=75%,allocated-at=1024
59,RUNNING,process-name=P0,remaining-time=56,mem-usage=75%,allocated-at=0
60,RUNNING,process-name=P1,remaining-time=85,mem-usage=75%,allocated-at=1024
61,RUNNING,process-name=P2,remaining-time=50,mem-usage=100%,allocated-at=1536
62,RUNNING,process-name=P0,remaining-time=55,mem-usage=100%,allocated-at=0
63,RUNNING,process-name=P1,remaining-time=84,mem-usage=100%,allocated-at=1024
64,RUNNING,process-name=P2,remaining-time=49,mem-usage=100%,allocated-at=1536
65,RUNNING,process-name=P0,remaining-time=54,mem-usage=100%,allocated-at=0
66,RUNNING,process-name=P1,remaining-time=83,mem-usage=100%,allocated-at=1024
67,RUNNING,process-name=P2,remaining-time=48,mem-usage=100%,allocated-at=1536
68,RUNNING,process-name=P0,remaining-time=53,mem-usage=100%,allocated-at=0
69,RUNNING,process-name=P1,remaining-time=82,mem-usage=100%,allocated-at=1024
70,RUNNING,process-name=P2,remaining-time=47,mem-usage=100%,allocated-at=1536
71,RUNNING,process-name=P0,remaining-time=52,mem-usage=100%,allocated-at=0
72,RUNNING,process-name=P1,remaining-time=81,mem-usage=100%,allocated-at=1024
73,RUNNING,process-name=P2,remaining-time=46,mem-usage=100%,allocated-at=1536
74,RUNNING,process-name=P0,remaining-time=51,mem-usage=100%,allocated-at=0
75,RUNNING,process-name=P1,remaining-time=80,mem-usage=100%,allocated-at=1024
76,RUNNING,process-name=P2,remaining-time=45,mem-usage=100%,allocated-at=1536
77,RUNNING,process-name=P0,remaining-time=50,mem-usage=100%,allocated-at=0
78,RUNNING,process-name=P1,remaining-time=79,mem-usage=100%,allocated-at=1024
79,RUNNING,process-name=P2,remaining-time=44,mem-usage=100%,allocated-at=1536
80,RUNNING,process-name=P0,remaining-time=49,mem-usage=100%,allocated-at=0
81,RUNNING,process-name=P1,remaining-time=78,mem-usage=100%,allocated-at=1024
82,RUNNING,process-name=P2,remaining-time=43,mem-usage=100%,allocated-at=1536
83,RUNNING,process-name=P0,remaining-time=48,mem-usage=100%,allocated-at=0
84,RUNNING,process-name=P1,remaining-time=77,mem-usage=100%,allocated-at=1024
85,RUNNING,process-name=P2,remaining-time=42,mem-usage=100%,allocated-at=1536
86,RUNNING,process-name=P0,remaining-time=47,mem-usage=100%,allocated-at=0
87,RUNNING,process-name=P1,remaining-time=76,mem-usage=100%,allocated-at=1024
88,RUNNING,process-name=P2,remaining-time=41,mem-usage=100%,allocated-at=1536
89,RUNNING,process-name=P0,remaining-time=46,mem-usage=100%,allocated-at=0
90,RUNNING,process-name=P1,remaining-time=75,mem-usage=100%,allocated-at=1024
91,RUNNING,process-name=P2,remaining-time=40,mem-usage=100%,allocated-at=1536
92,RUNNING,process-name=P0,remaining-time=45,mem-usage=100%,allocated-at=0
93,RUNNING,process-name=P1,remaining-time=74,mem-usage=100%,allocated-at=1024
94,RUNNING,process-name=P2,remaining-time=39,mem-usage=100%,allocated-at=1536
95,RUNNING,process-name=P0,remaining-time=44,mem-usage=100%,allocated-at=0
96,RUNNING,process-name=P1,remaining-time=73,mem-usage=100%,allocated-at=1024
97,RUNNING,process-name=P2,remaining-time=38,mem-usage=100%,allocated-at=1536
98,RUNNING,process-name=P0,remaining-time=43,mem-usage=100%,allocated-at=0
99,RUNNING,process-name=P1,remaining-time=72,mem-usage=100%,allocated-at=1024
100,RUNNING,process-name=P2,remaining-time=37,mem-usage=100%,allocated-at=1536
101,RUNNING,process-name=P0,remaining-time=42,mem-usage=100%,allocated-at=0
102,RUNNING,process-name=P1,remaining-time=71,mem-usage=100%,allocated-at=1024
103,RUNNING,process-name=P2,remaining-time=36,mem-usage=100%,allocated-at=1536
104,RUNNING,process-name=P0,remaining-time=41,mem-usage=100%,allocated-at=0
105,RUNNING,process-name=P1,remaining-time=70,mem-usage=100%,allocated-at=1024
106,RUNNING,process-name=P2,remaining-time=35,mem-usage=100%,allocated-at=1536
107,RUNNING,process-name=P0,remaining-time=40,mem-usage=100%,allocated-at=0
108,RUNNING,process-name=P1,remaining-time=69,mem-usage=100%,allocated-at=1024
109,RUNNING,process-name=P2,remaining-time=34,mem-usage=100%,allocated-at=1536
110,RUNNING,process-name=P0,remaining-time=39,mem-usage=100%,allocated-at=0
111,RUNNING,process-name=P1,remaining-time=68,mem-usage=100%,allocated-at=1024
112,RUNNING,process-name=P2,remaining-time=33,mem-usage=100%,allocated-at=1536
113,RUNNING,process-name=P0,remaining-time=38,mem-usage=100%,allocated-at=0
114,RUNNING,process-name=P1,remaining-time=67,mem-usage=100%,allocated-at=1024
115,RUNNING,process-name=P2,remaining-time=32,mem-usage=100%,allocated-at=1536
116,RUNNING,process-name=P0,remaining-time=37,mem-usage=100%,allocated-at=0
117,RUNNING,process-name=P1,remaining-time=66,mem-usage=100%,allocated-at=1024
118,RUNNING,process-name=P2,remaining-time=31,mem-usage=100%,allocated-at=1536
119,RUNNING,process-name=P0,remaining-time=36,mem-usage=100%,allocated-at=0
120,RUNNING,process-name=P1,remaining-time=65,mem-usage=100%,allocated-at=1024
121,RUNNING,process-name=P2,remaining-time=30,mem-usage=100%,allocated-at=1536
122,RUNNING,process-name=P0,remaining-time=35,mem-usage=100%,allocated-at=0
123,RUNNING,process-name=P1,remaining-time=64,mem-usage=100%,allocated-at=1024
124,RUNNING,process-name=P2,remaining-time=29,mem-usage=100%,allocated-at=1536
125,RUNNING,process-name=P0,remaining-time=34,mem-usage=100%,allocated-at=0
126,RUNNING,process-name=P1,remaining-time=63,mem-usage=100%,allocated-at=1024
127,RUNNING,process-name=P2,remaining-time=28,mem-usage=100%,allocated-at=1536
128,RUNNING,process-name=P0,remaining-time=33,mem-usage=100%,allocated-at=0
129,RUNNING,process-name=P1,remaining-time=62,mem-usage=100%,allocated-at=1024
130,RUNNING,process-name=P2,remaining-time=27,mem-usage=100%,allocated-at=1536
131,RUNNING,process-name=P0,remaining-time=32,mem-usage=100%,allocated-at=0
132,RUNNING,process-name=P1,remaining-time=61,mem-usage=100%,allocated-at=1024
133,RUNNING,process-name=P2,remaining-time=26,mem-usage=100%,allocated-at=1536
134,RUNNING,process-name=P0,remaining-time=31,mem-usage=100%,allocated-at=0
135,RUNNING,process-name=P1,remaining-time=60,mem-usage=100%,allocated-at=1024
136,RUNNING,process-name=P2,remaining-time=25,mem-usage=100%,allocated-at=1536
137,RUNNING,process-name=P0,remaining-time=30,mem-usage=100%,allocated-at=0
138,RUNNING,process-name=P1,remaining-time=59,mem-usage=100%,allocated-at=1024
139,RUNNING,process-name=P2,remaining-time=24,mem-usage=100%,allocated-at=1536
140,RUNNING,process-name=P0,remaining-time=29,mem-usage=100%,allocated-at=0
141,RUNNING,process-name=P1,remaining-time=58,mem-usage=100%,allocated-at=1024
142,RUNNING,process-name=P2,remaining-time=23,mem-usage=100%,allocated-at=1536
143,RUNNING,process-name=P0,remaining-time=28,mem-usage=100%,allocated-at=0
144,RUNNING,process-name=P1,remaining-time=57,mem-usage=100%,allocated-at=1024
145,RUNNING,process-name=P2,remaining-time=22,mem-usage=100%,allocated-at=1536
146,RUNNING,process-name=P0,remaining-time=27,mem-usage=100%,allocated-at=0
147,RUNNING,process-name=P1,remaining-time=56,mem-usage=100%,allocated-at=1024
148,RUNNING,process-name=P2,remaining-time=21,mem-usage=100%,allocated-at=1536
149,RUNNING,process-name=P0,remaining-time=26,mem-usage=100%,allocated-at=0
150,RUNNING,process-name=P1,remaining-time=55,mem-usage=100%,allocated-at=1024
151,RUNNING,process-name=P2,remaining-time=20,mem-usage=100%,allocated-at=1536
152,RUNNING,process-name=P0,remaining-time=25,mem-usage=100%,allocated-at=0
153,RUNNING,process-name=P1,remaining-time=54,mem-usage=100%,allocated-at=1024
154,RUNNING,process-name=P2,remaining-time=19,mem-usage=100%,allocated-at=1536
155,RUNNING,process-name=P0,remaining-time=24,mem-usage=100%,allocated-at=0
156,RUNNING,process-name=P1,remaining-time=53,mem-usage=100%,allocated-at=1024
157,RUNNING,process-name=P2,remaining-time=18,mem-usage=100%,allocated-at=1536
158,RUNNING,process-name=P0,remaining-time=23,mem-usage=100%,allocated-at=0
159,RUNNING,process-name=P1,remaining-time=52,mem-usage=100%,allocated-at=1024
160,RUNNING,process-name=P2,remaining-time=17,mem-usage=100%,allocated-at=1536
161,RUNNING,process-name=P0,remaining-time=22,mem-usage=100%,allocated-at=0
162,RUNNING,process-name=P1,remaining-time=51,mem-usage=100%,allocated-at=1024
163,RUNNING,process-name=P2,remaining-time=16,mem-usage=100%,allocated-at=1536
164,RUNNING,process-name=P0,remaining-time=21,mem-usage=100%,allocated-at=0
165,RUNNING,process-name=P1,remaining-time=50,mem-usage=100%,allocated-at=1024
166,RUNNING,process-name=P2,remaining-time=15,mem-usage=100%,allocated-at=1536
167,RUNNING,process-name=P0,remaining-time=20,mem-usage=100%,allocated-at=0
168,RUNNING,process-name=P1,remaining-time=49,mem-usage=100%,allocated-at=1024
169,RUNNING,process-name=P2,remaining-time=14,mem-usage=100%,allocated-at=1536
170,RUNNING,process-name=P0,remaining-time=19,mem-usage=100%,allocated-at=0
171,RUNNING,process-name=P1,remaining-time=48,mem-usage=100%,allocated-at=1024
172,RUNNING,process-name=P2,remaining-time=13,mem-usage=100%,allocated-at=1536
173,RUNNING,process-name=P0,remaining-time=18,mem-usage=100%,allocated-at=0
174,RUNNING,process-name=P1,remaining-time=47,mem-usage=100%,allocated-at=1024
175,RUNNING,process-name=P2,remaining-time=12,mem-usage=100%,allocated-at=1536
176,RUNNING,process-name=P0,remaining-time=17,mem-usage=100%,allocated-at=0
177,RUNNING,process-name=P1,remaining-time=46,mem-usage=100%,allocated-at=1024
178,RUNNING,process-name=P2,remaining-time=11,mem-usage=100%,allocated-at=1536
179,RUNNING,process-name=P0,remaining-time=16,mem-usage=100%,allocated-at=0
180,RUNNING,process-name=P1,remaining-time=45,mem-usage=100%,allocated-at=1024
181,RUNNING,process-name=P2,remaining-time=10,mem-usage=100%,allocated-at=1536
182,RUNNING,process-name=P0,remaining-time=15,mem-usage=100%,allocated-at=0
183,RUNNING,process-name=P1,remaining-time=44,mem-usage=100%,allocated-at=1024
184,RUNNING,process-name=P2,remaining-time=9,mem-usage=100%,allocated-at=1536
185,RUNNING,process-name=P0,remaining-time=14,mem-usage=100%,allocated-at=0
186,RUNNING,process-name=P1,remaining-time=43,mem-usage=100%,allocated-at=1024
187,RUNNING,process-name=P2,remaining-time=8,mem-usage=100%,allocated-at=1536
188,RUNNING,process-name=P0,remaining-time=13,mem-usage=100%,allocated-at=0
189,RUNNING,process-name=P1,remaining-time=42,mem-usage=100%,allocated-at=1024
190,RUNNING,process-name=P2,remaining-time=7,mem-usage=100%,allocated-at=1536
191,RUNNING,process-name=P0,remaining-time=12,mem-usage=100%,allocated-at=0
192,RUNNING,process-name=P1,remaining-time=41,mem-usage=100%,allocated-at=1024
193,RUNNING,process-name=P2,remaining-time=6,mem-usage=100%,allocated-at=1536
194,RUNNING,process-name=P0,remaining-time=11,mem-usage=100%,allocated-at=0
195,RUNNING,process-name=P1,remaining-time=40,mem-usage=100%,allocated-at=1024
196,RUNNING,process-name=P2,remaining-time=5,mem-usage=100%,allocated-at=1536
197,RUNNING,process-name=P0,remaining-time=10,mem-usage=100%,allocated-at=0
198,RUNNING,process-name=P1,remaining-time=39,mem-usage=100%,allocated-at=1024
199,RUNNING,process-name=P2,remaining-time=4,mem-usage=100%,allocated-at=1536
200,RUNNING,process-name=P0,remaining-time=9,mem-usage=100%,allocated-at=0
201,RUNNING,process-name=P1,remaining-time=38,mem-usage=100%,allocated-at=1024
202,RUNNING,process-name=P2,remaining-time=3,mem-usage=100%,allocated-at=1536
203,RUNNING,process-name=P0,remaining-time=8,mem-usage=100%,allocated-at=0
204,RUNNING,process-name=P1,remaining-time=37,mem-usage=100%,allocated-at=1024
205,RUNNING,process-name=P2,remaining-time=2,mem-usage=100%,allocated-at=1536
206,RUNNING,process-name=P0,remaining-time=7,mem-usage=100%,allocated-at=0
207,RUNNING,process-name=P1,remaining-time=36,mem-usage=100%,allocated-at=1024
208,RUNNING,process-name=P2,remaining-time=1,mem-usage=100%,allocated-at=1536
209,FINISHED,process-name=P2,proc-remaining=3
209,RUNNING,process-name=P0,remaining-time=6,mem-usage=75%,allocated-at=0
210,RUNNING,process-name=P4,remaining-time=30,mem-usage=88%,allocated-at=1536
211,RUNNING,process-name=P1,remaining-time=35,mem-usage=88%,allocated-at=1024
212,RUNNING,process-name=P0,remaining-time=5,mem-usage=88%,allocated-at=0
213,RUNNING,process-name=P4,remaining-time=29,mem-usage=88%,allocated-at=1536
214,RUNNING,process-name=P1,remaining-time=34,mem-usage=88%,allocated-at=1024
215,RUNNING,process-name=P0,remaining-time=4,mem-usage=88%,allocated-at=0
216,RUNNING,process-name=P4,remaining-time=28,mem-usage=88%,allocated-at=1536
217,RUNNING,process-name=P1,remaining-time=33,mem-usage=88%,allocated-at=1024
218,RUNNING,process-name=P0,remaining-time=3,mem-usage=88%,allocated-at=0
219,RUNNING,process-name=P4,remaining-time=27,mem-usage=88%,allocated-at=1536
220,RUNNING,process-name=P1,remaining-time=32,mem-usage=88%,allocated-at=1024
221,RUNNING,process-name=P0,remaining-time=2,mem-usage=88%,allocated-at=0
222,RUNNING,process-name=P4,remaining-time=26,mem-usage=88%,allocated-at=1536
223,RUNNING,process-name=P1,remaining-time=31,mem-usage=88%,allocated-at=1024
224,RUNNING,process-name=P0,remaining-time=1,mem-usage=88%,allocated-at=0
225,FINISHED,process-name=P0,proc-remaining=2
225,RUNNING,process-name=P4,remaining-time=25,mem-usage=38%,allocated-at=1536
226,RUNNING,process-name=P1,remaining-time=30,mem-usage=38%,allocated-at=1024
227,RUNNING,process-name=P4,remaining-time=24,mem-usage=38%,allocated-at=1536
228,RUNNING,process-name=P1,remaining-time=29,mem-usage=38%,allocated-at=1024
229,RUNNING,process-name=P4,remaining-time=23,mem-usage=38%,allocated-at=1536
230,RUNNING,process-name=P1,remaining-time=28,mem-usage=38%,allocated-at=1024
231,RUNNING,process-name=P4,remaining-time=22,mem-usage=38%,allocated-at=1536
232,RUNNING,process-name=P1,remaining-time=27,mem-usage=38%,allocated-at=1024
233,RUNNING,process-name=P4,remaining-time=21,mem-usage=38%,allocated-at=1536
234,RUNNING,process-name=P1,remaining-time=26,mem-usage=38%,allocated-at=1024
235,RUNNING,process-name=P4,remaining-time=20,mem-usage=38%,allocated-at=1536
236,RUNNING,process-name=P1,remaining-time=25,mem-usage=38%,allocated-at=1024
237,RUNNING,process-name=P4,remaining-time=19,mem-usage=38%,allocated-at=1536
238,RUNNING,process-name=P1,remaining-time=24,mem-usage=38%,allocated-at=1024
239,RUNNING,process-name=P4,remaining-time=18,mem-usage=38%,allocated-at=1536
240,RUNNING,process-name=P1,remaining-time=23,mem-usage=38%,allocated-at=1024
241,RUNNING,process-name=P4,remaining-time=17,mem-usage=38%,allocated-at=1536
242,RUNNING,process-name=P1,remaining-time=22,mem-usage=38%,allocated-at=1024
243,RUNNING,process-name=P4,remaining-time=16,mem-usage=38%,allocated-at=1536
244,RUNNING,process-name=P1,remaining-time=21,mem-usage=38%,allocated-at=1024
245,RUNNING,process-name=P4,remaining-time=15,mem-usage=38%,allocated-at=1536
246,RUNNING,process-name=P1,remaining-time=20,mem-usage=38%,allocated-at=1024
247,RUNNING,process-name=P4,remaining-time=14,mem-usage=38%,allocated-at=1536
248,RUNNING,process-name=P1,remaining-time=19,mem-usage=38%,allocated-at=1024
249,RUNNING,process-name=P4,remaining-time=13,mem-usage=38%,allocated-at=1536
250,RUNNING,process-name=P1,remaining-time=18,mem-usage=38%,allocated-at=1024
251,RUNNING,process-name=P4,remaining-time=12,mem-usage=38%,allocated-at=1536
252,RUNNING,process-name=P1,remaining-time=17,mem-usage=38%,allocated-at=1024
253,RUNNING,process-name=P4,remaining-time=11,mem-usage=38%,allocated-at=1536
254,RUNNING,process-name=P1,remaining-time=16,mem-usage=38%,allocated-at=1024
255,RUNNING,process-name=P4,remaining-time=10,mem-usage=38%,allocated-at=1536
256,RUNNING,process-name=P1,remaining-time=15,mem-usage=38%,allocated-at=1024
257,RUNNING,process-name=P4,remaining-time=9,mem-usage=38%,allocated-at=1536
258,RUNNING,process-name=P1,remaining-time=14,mem-usage=38%,allocated-at=1024
259,RUNNING,process-name=P4,remaining-time=8,mem-usage=38%,allocated-at=1536
260,RUNNING,process-name=P1,remaining-time=13,mem-usage=38%,allocated-at=1024
261,RUNNING,process-name=P4,remaining-time=7,mem-usage=38%,allocated-at=1536
262,RUNNING,process-name=P1,remaining-time=12,mem-usage=38%,allocated-at=1024
263,RUNNING,process-name=P4,remaining-time=6,mem-usage=38%,allocated-at=1536
264,RUNNING,process-name=P1,remaining-time=11,mem-usage=38%,allocated-at=1024
265,RUNNING,process-name=P4,remaining-time=5,mem-usage=38%,allocated-at=1536
266,RUNNING,process-name=P1,remaining-time=10,mem-usage=38%,allocated-at=1024
267,RUNNING,process-name=P4,remaining-time=4,mem-usage=38%,allocated-at=1536
268,RUNNING,process-name=P1,remaining-time=9,mem-usage=38%,allocated-at=1024
269,RUNNING,process-name=P4,remaining-time=3,mem-usage=38%,allocated-at=1536
270,RUNNING,process-name=P1,remaining-time=8,mem-usage=38%,allocated-at=1024
271,RUNNING,process-name=P4,remaining-time=2,mem-usage=38%,allocated-at=1536
272,RUNNING,process-name=P1,remaining-time=7,mem-usage=38%,allocated-at=1024
273,RUNNING,process-name=P4,remaining-time=1,mem-usage=38%,allocated-at=1536
274,FINISHED,process-name=P4,proc-remaining=1
274,RUNNING,process-name=P1,remaining-time=6,mem-usage=25%,allocated-at=1024
280,FINISHED,process-name=P1,proc-remaining=0
Turnaround time 200
Time overhead 5.80 3.38
Makespan 280
